Line 368: Class VSFlex8Ctl.VSFlexGrid of control grd_Dados was not a loaded control class.
Line 374: The property name _cx in grd_Dados is invalid.
Line 375: The property name _cy in grd_Dados is invalid.
Line 391: The property name BackColorFixed in grd_Dados is invalid.
Line 392: The property name ForeColorFixed in grd_Dados is invalid.
Line 393: The property name BackColorSel in grd_Dados is invalid.
Line 394: The property name ForeColorSel in grd_Dados is invalid.
Line 395: The property name BackColorBkg in grd_Dados is invalid.
Line 396: The property name BackColorAlternate in grd_Dados is invalid.
Line 397: The property name GridColor in grd_Dados is invalid.
Line 398: The property name GridColorFixed in grd_Dados is invalid.
Line 399: The property name TreeColor in grd_Dados is invalid.
Line 400: The property name FloodColor in grd_Dados is invalid.
Line 401: The property name SheetBorder in grd_Dados is invalid.
Line 402: The property name FocusRect in grd_Dados is invalid.
Line 403: The property name HighLight in grd_Dados is invalid.
Line 404: The property name AllowSelection in grd_Dados is invalid.
Line 405: The property name AllowBigSelection in grd_Dados is invalid.
Line 406: The property name AllowUserResizing in grd_Dados is invalid.
Line 407: The property name SelectionMode in grd_Dados is invalid.
Line 408: The property name GridLines in grd_Dados is invalid.
Line 409: The property name GridLinesFixed in grd_Dados is invalid.
Line 410: The property name GridLineWidth in grd_Dados is invalid.
Line 411: The property name Rows in grd_Dados is invalid.
Line 412: The property name Cols in grd_Dados is invalid.
Line 413: The property name FixedRows in grd_Dados is invalid.
Line 414: The property name FixedCols in grd_Dados is invalid.
Line 415: The property name RowHeightMin in grd_Dados is invalid.
Line 416: The property name RowHeightMax in grd_Dados is invalid.
Line 417: The property name ColWidthMin in grd_Dados is invalid.
Line 418: The property name ColWidthMax in grd_Dados is invalid.
Line 419: The property name ExtendLastCol in grd_Dados is invalid.
Line 420: The property name FormatString in grd_Dados is invalid.
Line 421: The property name ScrollTrack in grd_Dados is invalid.
Line 422: The property name ScrollBars in grd_Dados is invalid.
Line 423: The property name ScrollTips in grd_Dados is invalid.
Line 424: The property name MergeCells in grd_Dados is invalid.
Line 425: The property name MergeCompare in grd_Dados is invalid.
Line 426: The property name AutoResize in grd_Dados is invalid.
Line 427: The property name AutoSizeMode in grd_Dados is invalid.
Line 428: The property name AutoSearch in grd_Dados is invalid.
Line 429: The property name AutoSearchDelay in grd_Dados is invalid.
Line 430: The property name MultiTotals in grd_Dados is invalid.
Line 431: The property name SubtotalPosition in grd_Dados is invalid.
Line 432: The property name OutlineBar in grd_Dados is invalid.
Line 433: The property name OutlineCol in grd_Dados is invalid.
Line 434: The property name Ellipsis in grd_Dados is invalid.
Line 435: The property name ExplorerBar in grd_Dados is invalid.
Line 436: The property name PicturesOver in grd_Dados is invalid.
Line 439: The property name PictureType in grd_Dados is invalid.
Line 440: The property name TabBehavior in grd_Dados is invalid.
Line 441: The property name OwnerDraw in grd_Dados is invalid.
Line 442: The property name Editable in grd_Dados is invalid.
Line 443: The property name ShowComboButton in grd_Dados is invalid.
Line 444: The property name WordWrap in grd_Dados is invalid.
Line 445: The property name TextStyle in grd_Dados is invalid.
Line 446: The property name TextStyleFixed in grd_Dados is invalid.
Line 449: The property name DataMode in grd_Dados is invalid.
Line 450: The property name VirtualData in grd_Dados is invalid.
Line 452: The property name ComboSearch in grd_Dados is invalid.
Line 453: The property name AutoSizeMouse in grd_Dados is invalid.
Line 454: The property name FrozenRows in grd_Dados is invalid.
Line 455: The property name FrozenCols in grd_Dados is invalid.
Line 456: The property name AllowUserFreezing in grd_Dados is invalid.
Line 457: The property name BackColorFrozen in grd_Dados is invalid.
Line 458: The property name ForeColorFrozen in grd_Dados is invalid.
Line 459: The property name WallPaperAlignment in grd_Dados is invalid.
Line 460: The property name AccessibleName in grd_Dados is invalid.
Line 461: The property name AccessibleDescription in grd_Dados is invalid.
Line 462: The property name AccessibleValue in grd_Dados is invalid.
Line 463: The property name AccessibleRole in grd_Dados is invalid.
