Line 106: Class VSFlex8Ctl.VSFlexGrid of control gvs_Dados was not a loaded control class.
Line 112: The property name _cx in gvs_Dados is invalid.
Line 113: The property name _cy in gvs_Dados is invalid.
Line 129: The property name BackColorFixed in gvs_Dados is invalid.
Line 130: The property name ForeColorFixed in gvs_Dados is invalid.
Line 131: The property name BackColorSel in gvs_Dados is invalid.
Line 132: The property name ForeColorSel in gvs_Dados is invalid.
Line 133: The property name BackColorBkg in gvs_Dados is invalid.
Line 134: The property name BackColorAlternate in gvs_Dados is invalid.
Line 135: The property name GridColor in gvs_Dados is invalid.
Line 136: The property name GridColorFixed in gvs_Dados is invalid.
Line 137: The property name TreeColor in gvs_Dados is invalid.
Line 138: The property name FloodColor in gvs_Dados is invalid.
Line 139: The property name SheetBorder in gvs_Dados is invalid.
Line 140: The property name FocusRect in gvs_Dados is invalid.
Line 141: The property name HighLight in gvs_Dados is invalid.
Line 142: The property name AllowSelection in gvs_Dados is invalid.
Line 143: The property name AllowBigSelection in gvs_Dados is invalid.
Line 144: The property name AllowUserResizing in gvs_Dados is invalid.
Line 145: The property name SelectionMode in gvs_Dados is invalid.
Line 146: The property name GridLines in gvs_Dados is invalid.
Line 147: The property name GridLinesFixed in gvs_Dados is invalid.
Line 148: The property name GridLineWidth in gvs_Dados is invalid.
Line 149: The property name Rows in gvs_Dados is invalid.
Line 150: The property name Cols in gvs_Dados is invalid.
Line 151: The property name FixedRows in gvs_Dados is invalid.
Line 152: The property name FixedCols in gvs_Dados is invalid.
Line 153: The property name RowHeightMin in gvs_Dados is invalid.
Line 154: The property name RowHeightMax in gvs_Dados is invalid.
Line 155: The property name ColWidthMin in gvs_Dados is invalid.
Line 156: The property name ColWidthMax in gvs_Dados is invalid.
Line 157: The property name ExtendLastCol in gvs_Dados is invalid.
Line 158: The property name FormatString in gvs_Dados is invalid.
Line 159: The property name ScrollTrack in gvs_Dados is invalid.
Line 160: The property name ScrollBars in gvs_Dados is invalid.
Line 161: The property name ScrollTips in gvs_Dados is invalid.
Line 162: The property name MergeCells in gvs_Dados is invalid.
Line 163: The property name MergeCompare in gvs_Dados is invalid.
Line 164: The property name AutoResize in gvs_Dados is invalid.
Line 165: The property name AutoSizeMode in gvs_Dados is invalid.
Line 166: The property name AutoSearch in gvs_Dados is invalid.
Line 167: The property name AutoSearchDelay in gvs_Dados is invalid.
Line 168: The property name MultiTotals in gvs_Dados is invalid.
Line 169: The property name SubtotalPosition in gvs_Dados is invalid.
Line 170: The property name OutlineBar in gvs_Dados is invalid.
Line 171: The property name OutlineCol in gvs_Dados is invalid.
Line 172: The property name Ellipsis in gvs_Dados is invalid.
Line 173: The property name ExplorerBar in gvs_Dados is invalid.
Line 174: The property name PicturesOver in gvs_Dados is invalid.
Line 177: The property name PictureType in gvs_Dados is invalid.
Line 178: The property name TabBehavior in gvs_Dados is invalid.
Line 179: The property name OwnerDraw in gvs_Dados is invalid.
Line 180: The property name Editable in gvs_Dados is invalid.
Line 181: The property name ShowComboButton in gvs_Dados is invalid.
Line 182: The property name WordWrap in gvs_Dados is invalid.
Line 183: The property name TextStyle in gvs_Dados is invalid.
Line 184: The property name TextStyleFixed in gvs_Dados is invalid.
Line 187: The property name DataMode in gvs_Dados is invalid.
Line 188: The property name VirtualData in gvs_Dados is invalid.
Line 190: The property name ComboSearch in gvs_Dados is invalid.
Line 191: The property name AutoSizeMouse in gvs_Dados is invalid.
Line 192: The property name FrozenRows in gvs_Dados is invalid.
Line 193: The property name FrozenCols in gvs_Dados is invalid.
Line 194: The property name AllowUserFreezing in gvs_Dados is invalid.
Line 195: The property name BackColorFrozen in gvs_Dados is invalid.
Line 196: The property name ForeColorFrozen in gvs_Dados is invalid.
Line 197: The property name WallPaperAlignment in gvs_Dados is invalid.
Line 198: The property name AccessibleName in gvs_Dados is invalid.
Line 199: The property name AccessibleDescription in gvs_Dados is invalid.
Line 200: The property name AccessibleValue in gvs_Dados is invalid.
Line 201: The property name AccessibleRole in gvs_Dados is invalid.
