Line 1681: Class VSFlex8Ctl.VSFlexGrid of control grd_Requisicoes was not a loaded control class.
Line 1858: Class VSFlex8Ctl.VSFlexGrid of control grd_Cotacoes was not a loaded control class.
Line 1687: The property name _cx in grd_Requisicoes is invalid.
Line 1688: The property name _cy in grd_Requisicoes is invalid.
Line 1704: The property name BackColorFixed in grd_Requisicoes is invalid.
Line 1705: The property name ForeColorFixed in grd_Requisicoes is invalid.
Line 1706: The property name BackColorSel in grd_Requisicoes is invalid.
Line 1707: The property name ForeColorSel in grd_Requisicoes is invalid.
Line 1708: The property name BackColorBkg in grd_Requisicoes is invalid.
Line 1709: The property name BackColorAlternate in grd_Requisicoes is invalid.
Line 1710: The property name GridColor in grd_Requisicoes is invalid.
Line 1711: The property name GridColorFixed in grd_Requisicoes is invalid.
Line 1712: The property name TreeColor in grd_Requisicoes is invalid.
Line 1713: The property name FloodColor in grd_Requisicoes is invalid.
Line 1714: The property name SheetBorder in grd_Requisicoes is invalid.
Line 1715: The property name FocusRect in grd_Requisicoes is invalid.
Line 1716: The property name HighLight in grd_Requisicoes is invalid.
Line 1717: The property name AllowSelection in grd_Requisicoes is invalid.
Line 1718: The property name AllowBigSelection in grd_Requisicoes is invalid.
Line 1719: The property name AllowUserResizing in grd_Requisicoes is invalid.
Line 1720: The property name SelectionMode in grd_Requisicoes is invalid.
Line 1721: The property name GridLines in grd_Requisicoes is invalid.
Line 1722: The property name GridLinesFixed in grd_Requisicoes is invalid.
Line 1723: The property name GridLineWidth in grd_Requisicoes is invalid.
Line 1724: The property name Rows in grd_Requisicoes is invalid.
Line 1725: The property name Cols in grd_Requisicoes is invalid.
Line 1726: The property name FixedRows in grd_Requisicoes is invalid.
Line 1727: The property name FixedCols in grd_Requisicoes is invalid.
Line 1728: The property name RowHeightMin in grd_Requisicoes is invalid.
Line 1729: The property name RowHeightMax in grd_Requisicoes is invalid.
Line 1730: The property name ColWidthMin in grd_Requisicoes is invalid.
Line 1731: The property name ColWidthMax in grd_Requisicoes is invalid.
Line 1732: The property name ExtendLastCol in grd_Requisicoes is invalid.
Line 1733: The property name FormatString in grd_Requisicoes is invalid.
Line 1734: The property name ScrollTrack in grd_Requisicoes is invalid.
Line 1735: The property name ScrollBars in grd_Requisicoes is invalid.
Line 1736: The property name ScrollTips in grd_Requisicoes is invalid.
Line 1737: The property name MergeCells in grd_Requisicoes is invalid.
Line 1738: The property name MergeCompare in grd_Requisicoes is invalid.
Line 1739: The property name AutoResize in grd_Requisicoes is invalid.
Line 1740: The property name AutoSizeMode in grd_Requisicoes is invalid.
Line 1741: The property name AutoSearch in grd_Requisicoes is invalid.
Line 1742: The property name AutoSearchDelay in grd_Requisicoes is invalid.
Line 1743: The property name MultiTotals in grd_Requisicoes is invalid.
Line 1744: The property name SubtotalPosition in grd_Requisicoes is invalid.
Line 1745: The property name OutlineBar in grd_Requisicoes is invalid.
Line 1746: The property name OutlineCol in grd_Requisicoes is invalid.
Line 1747: The property name Ellipsis in grd_Requisicoes is invalid.
Line 1748: The property name ExplorerBar in grd_Requisicoes is invalid.
Line 1749: The property name PicturesOver in grd_Requisicoes is invalid.
Line 1752: The property name PictureType in grd_Requisicoes is invalid.
Line 1753: The property name TabBehavior in grd_Requisicoes is invalid.
Line 1754: The property name OwnerDraw in grd_Requisicoes is invalid.
Line 1755: The property name Editable in grd_Requisicoes is invalid.
Line 1756: The property name ShowComboButton in grd_Requisicoes is invalid.
Line 1757: The property name WordWrap in grd_Requisicoes is invalid.
Line 1758: The property name TextStyle in grd_Requisicoes is invalid.
Line 1759: The property name TextStyleFixed in grd_Requisicoes is invalid.
Line 1762: The property name DataMode in grd_Requisicoes is invalid.
Line 1763: The property name VirtualData in grd_Requisicoes is invalid.
Line 1765: The property name ComboSearch in grd_Requisicoes is invalid.
Line 1766: The property name AutoSizeMouse in grd_Requisicoes is invalid.
Line 1767: The property name FrozenRows in grd_Requisicoes is invalid.
Line 1768: The property name FrozenCols in grd_Requisicoes is invalid.
Line 1769: The property name AllowUserFreezing in grd_Requisicoes is invalid.
Line 1770: The property name BackColorFrozen in grd_Requisicoes is invalid.
Line 1771: The property name ForeColorFrozen in grd_Requisicoes is invalid.
Line 1772: The property name WallPaperAlignment in grd_Requisicoes is invalid.
Line 1773: The property name AccessibleName in grd_Requisicoes is invalid.
Line 1774: The property name AccessibleDescription in grd_Requisicoes is invalid.
Line 1775: The property name AccessibleValue in grd_Requisicoes is invalid.
Line 1776: The property name AccessibleRole in grd_Requisicoes is invalid.
Line 1864: The property name _cx in grd_Cotacoes is invalid.
Line 1865: The property name _cy in grd_Cotacoes is invalid.
Line 1881: The property name BackColorFixed in grd_Cotacoes is invalid.
Line 1882: The property name ForeColorFixed in grd_Cotacoes is invalid.
Line 1883: The property name BackColorSel in grd_Cotacoes is invalid.
Line 1884: The property name ForeColorSel in grd_Cotacoes is invalid.
Line 1885: The property name BackColorBkg in grd_Cotacoes is invalid.
Line 1886: The property name BackColorAlternate in grd_Cotacoes is invalid.
Line 1887: The property name GridColor in grd_Cotacoes is invalid.
Line 1888: The property name GridColorFixed in grd_Cotacoes is invalid.
Line 1889: The property name TreeColor in grd_Cotacoes is invalid.
Line 1890: The property name FloodColor in grd_Cotacoes is invalid.
Line 1891: The property name SheetBorder in grd_Cotacoes is invalid.
Line 1892: The property name FocusRect in grd_Cotacoes is invalid.
Line 1893: The property name HighLight in grd_Cotacoes is invalid.
Line 1894: The property name AllowSelection in grd_Cotacoes is invalid.
Line 1895: The property name AllowBigSelection in grd_Cotacoes is invalid.
Line 1896: The property name AllowUserResizing in grd_Cotacoes is invalid.
Line 1897: The property name SelectionMode in grd_Cotacoes is invalid.
Line 1898: The property name GridLines in grd_Cotacoes is invalid.
Line 1899: The property name GridLinesFixed in grd_Cotacoes is invalid.
Line 1900: The property name GridLineWidth in grd_Cotacoes is invalid.
Line 1901: The property name Rows in grd_Cotacoes is invalid.
Line 1902: The property name Cols in grd_Cotacoes is invalid.
Line 1903: The property name FixedRows in grd_Cotacoes is invalid.
Line 1904: The property name FixedCols in grd_Cotacoes is invalid.
Line 1905: The property name RowHeightMin in grd_Cotacoes is invalid.
Line 1906: The property name RowHeightMax in grd_Cotacoes is invalid.
Line 1907: The property name ColWidthMin in grd_Cotacoes is invalid.
Line 1908: The property name ColWidthMax in grd_Cotacoes is invalid.
Line 1909: The property name ExtendLastCol in grd_Cotacoes is invalid.
Line 1910: The property name FormatString in grd_Cotacoes is invalid.
Line 1911: The property name ScrollTrack in grd_Cotacoes is invalid.
Line 1912: The property name ScrollBars in grd_Cotacoes is invalid.
Line 1913: The property name ScrollTips in grd_Cotacoes is invalid.
Line 1914: The property name MergeCells in grd_Cotacoes is invalid.
Line 1915: The property name MergeCompare in grd_Cotacoes is invalid.
Line 1916: The property name AutoResize in grd_Cotacoes is invalid.
Line 1917: The property name AutoSizeMode in grd_Cotacoes is invalid.
Line 1918: The property name AutoSearch in grd_Cotacoes is invalid.
Line 1919: The property name AutoSearchDelay in grd_Cotacoes is invalid.
Line 1920: The property name MultiTotals in grd_Cotacoes is invalid.
Line 1921: The property name SubtotalPosition in grd_Cotacoes is invalid.
Line 1922: The property name OutlineBar in grd_Cotacoes is invalid.
Line 1923: The property name OutlineCol in grd_Cotacoes is invalid.
Line 1924: The property name Ellipsis in grd_Cotacoes is invalid.
Line 1925: The property name ExplorerBar in grd_Cotacoes is invalid.
Line 1926: The property name PicturesOver in grd_Cotacoes is invalid.
Line 1929: The property name PictureType in grd_Cotacoes is invalid.
Line 1930: The property name TabBehavior in grd_Cotacoes is invalid.
Line 1931: The property name OwnerDraw in grd_Cotacoes is invalid.
Line 1932: The property name Editable in grd_Cotacoes is invalid.
Line 1933: The property name ShowComboButton in grd_Cotacoes is invalid.
Line 1934: The property name WordWrap in grd_Cotacoes is invalid.
Line 1935: The property name TextStyle in grd_Cotacoes is invalid.
Line 1936: The property name TextStyleFixed in grd_Cotacoes is invalid.
Line 1939: The property name DataMode in grd_Cotacoes is invalid.
Line 1940: The property name VirtualData in grd_Cotacoes is invalid.
Line 1942: The property name ComboSearch in grd_Cotacoes is invalid.
Line 1943: The property name AutoSizeMouse in grd_Cotacoes is invalid.
Line 1944: The property name FrozenRows in grd_Cotacoes is invalid.
Line 1945: The property name FrozenCols in grd_Cotacoes is invalid.
Line 1946: The property name AllowUserFreezing in grd_Cotacoes is invalid.
Line 1947: The property name BackColorFrozen in grd_Cotacoes is invalid.
Line 1948: The property name ForeColorFrozen in grd_Cotacoes is invalid.
Line 1949: The property name WallPaperAlignment in grd_Cotacoes is invalid.
Line 1950: The property name AccessibleName in grd_Cotacoes is invalid.
Line 1951: The property name AccessibleDescription in grd_Cotacoes is invalid.
Line 1952: The property name AccessibleValue in grd_Cotacoes is invalid.
Line 1953: The property name AccessibleRole in grd_Cotacoes is invalid.
